0 info it worked if it ends with ok
1 verbose cli [ 'C:\\Program Files (x86)\\Nodist\\v\\nodev6.2.1\\node.exe',
1 verbose cli   'c:\\Program Files (x86)\\Nodist\\bin\\node_modules\\npm\\cli.js',
1 verbose cli   'run',
1 verbose cli   'env' ]
2 info using npm@3.5.2
3 info using node@v6.2.1
4 verbose run-script [ 'preenv', 'env', 'postenv' ]
5 info lifecycle es6-playground@0.0.1~preenv: es6-playground@0.0.1
6 silly lifecycle es6-playground@0.0.1~preenv: no script for preenv, continuing
7 info lifecycle es6-playground@0.0.1~env: es6-playground@0.0.1
8 verbose lifecycle es6-playground@0.0.1~env: unsafe-perm in lifecycle true
9 verbose lifecycle es6-playground@0.0.1~env: PATH: C:\Program Files (x86)\Nodist\bin\node_modules\npm\bin\node-gyp-bin;c:\Users\ceno\Documents\GitHubRepos\ES6-Playground\node_modules\.bin;h:\bin;.;C:\Program Files (x86)\Git\local\bin;C:\Program Files (x86)\Git\mingw\bin;C:\Program Files (x86)\Git\bin;c:\cmder\vendor\conemu-maximus5;c:\cmder\vendor\conemu-maximus5\ConEmu;c:\Ruby193\bin;c:\Ruby22-x64\bin;c:\Ruby21\bin;c:\RailsInstaller\Git\cmd;c:\RailsInstaller\Ruby2.1.0\bin;c:\ProgramData\Oracle\Java\javapath;c:\WINDOWS\system32;c:\WINDOWS;c:\WINDOWS\System32\Wbem;c:\WINDOWS\System32\WindowsPowerShell\v1.0\;c:\Program Files (x86)\MySQL\MySQL Fabric 1.5.4 & MySQL Utilities 1.5.4 1.5\;c:\Program Files (x86)\MySQL\MySQL Fabric 1.5.4 & MySQL Utilities 1.5.4 1.5\Doctrine extensions for PHP\;c:\Program Files\Amazon\AWSCLI\;c:\Program Files (x86)\Brackets\command;c:\Program Files (x86)\GtkSharp\2.12\bin;c:\Program Files (x86)\Barracuda\Network Connector\bin;c:\Program Files (x86)\Nodist\bin
10 verbose lifecycle es6-playground@0.0.1~env: CWD: c:\Users\ceno\Documents\GitHubRepos\ES6-Playground
11 silly lifecycle es6-playground@0.0.1~env: Args: [ '/d /s /c', 'evn' ]
12 silly lifecycle es6-playground@0.0.1~env: Returned: code: 1  signal: null
13 info lifecycle es6-playground@0.0.1~env: Failed to exec env script
14 verbose stack Error: es6-playground@0.0.1 env: `evn`
14 verbose stack Exit status 1
14 verbose stack     at EventEmitter.<anonymous> (C:\Program Files (x86)\Nodist\bin\node_modules\npm\lib\utils\lifecycle.js:232:16)
14 verbose stack     at emitTwo (events.js:106:13)
14 verbose stack     at EventEmitter.emit (events.js:191:7)
14 verbose stack     at ChildProcess.<anonymous> (C:\Program Files (x86)\Nodist\bin\node_modules\npm\lib\utils\spawn.js:24:14)
14 verbose stack     at emitTwo (events.js:106:13)
14 verbose stack     at ChildProcess.emit (events.js:191:7)
14 verbose stack     at maybeClose (internal/child_process.js:852:16)
14 verbose stack     at Process.ChildProcess._handle.onexit (internal/child_process.js:215:5)
15 verbose pkgid es6-playground@0.0.1
16 verbose cwd c:\Users\ceno\Documents\GitHubRepos\ES6-Playground
17 error Windows_NT 6.1.7601
18 error argv "C:\\Program Files (x86)\\Nodist\\v\\nodev6.2.1\\node.exe" "c:\\Program Files (x86)\\Nodist\\bin\\node_modules\\npm\\cli.js" "run" "env"
19 error node v6.2.1
20 error npm  v3.5.2
21 error code ELIFECYCLE
22 error es6-playground@0.0.1 env: `evn`
22 error Exit status 1
23 error Failed at the es6-playground@0.0.1 env script 'evn'.
23 error Make sure you have the latest version of node.js and npm installed.
23 error If you do, this is most likely a problem with the es6-playground package,
23 error not with npm itself.
23 error Tell the author that this fails on your system:
23 error     evn
23 error You can get information on how to open an issue for this project with:
23 error     npm bugs es6-playground
23 error Or if that isn't available, you can get their info via:
23 error     npm owner ls es6-playground
23 error There is likely additional logging output above.
24 verbose exit [ 1, true ]
